2025-02-04 23:50:51,919 - INFO - Starting show scraping process...
2025-02-04 23:50:53,553 - INFO - Processed show: jauntee2012-05-22.flac
2025-02-04 23:50:58,055 - INFO - Processed show: jauntee2012-08-11.flac16
2025-02-04 23:50:59,644 - INFO - Processed show: jauntee2013-04-16.flac16
2025-02-04 23:51:04,106 - INFO - Processed show: jauntee2013-05-02.flac16
2025-02-04 23:51:08,598 - INFO - Processed show: jauntee2013-06-09.flac16
2025-02-04 23:51:13,097 - INFO - Processed show: jauntee2013-06-13.schoepsMK4V.flac16
2025-02-04 23:51:15,643 - INFO - Processed show: jauntee2013-08-09.flac16
2025-02-04 23:51:17,263 - INFO - Processed show: jauntee2015-09-04.flac16
2025-02-04 23:51:21,706 - INFO - Processed show: jauntee2018-01-20.flac16
2025-02-04 23:51:23,031 - INFO - Processed show: jauntee2018-01-27.flac16
2025-02-04 23:51:24,356 - INFO - Processed show: jauntee2018-02-08.flac16
2025-02-04 23:51:26,215 - INFO - Processed show: jauntee2018-02-20.flac16
2025-02-04 23:51:27,503 - INFO - Processed show: jauntee2018-03-02.flac16
2025-02-04 23:51:31,978 - INFO - Processed show: jauntee2014-06-13.schoeps_mk41sbmix_24bit
2025-02-04 23:51:34,088 - INFO - Processed show: jauntee2014-06-20.flac16
2025-02-04 23:51:35,689 - INFO - Processed show: jauntee2016-05-30.flac16
2025-02-04 23:51:40,243 - INFO - Processed show: jauntee2016-11-19.nak.cm300.cp1.flac1644
2025-02-04 23:51:42,270 - INFO - Processed show: jauntee2016-12-08.flac16
2025-02-04 23:51:46,726 - INFO - Processed show: jauntee2017-06-28.akg.c451e.ck1.flac2496
2025-02-04 23:51:51,375 - INFO - Processed show: jauntee2019-05-26.flac16
2025-02-04 23:51:53,090 - INFO - Processed show: jauntee2019-06-15.flac16
2025-02-04 23:51:56,492 - INFO - Processed show: jauntee2019-07-18.flac16
2025-02-04 23:52:00,935 - INFO - Processed show: jauntee2019-11-18.flac16
2025-02-04 23:52:02,232 - INFO - Processed show: jauntee2022-06-25.StudioProjects.C4.MKII.cards.AUD.SBD.Matrix.FLAC16bit
2025-02-04 23:52:03,652 - INFO - Processed show: jauntee2024-06-06
2025-02-04 23:52:05,480 - INFO - Processed show: jauntee2012-11-28.dpa4011.flac24
2025-02-04 23:52:07,039 - INFO - Processed show: jauntee2019-06-29.flac16
2025-02-04 23:52:11,486 - INFO - Processed show: jauntee2013-09-28.flac16
2025-02-04 23:52:13,232 - INFO - Processed show: jauntee2016-12-10.flac16
2025-02-04 23:52:14,910 - INFO - Processed show: jauntee2019-01-11.flac16
2025-02-04 23:52:17,368 - INFO - Processed show: td2014-09-11.flac16_41
2025-02-04 23:52:21,413 - INFO - Processed show: jauntee2017-12-15.flac16
2025-02-04 23:52:23,007 - INFO - Processed show: jauntee2018-05-26.tfunk.tk62.flac2448
2025-02-04 23:52:25,347 - INFO - Processed show: jaunee2015-08-07.flac16
2025-02-04 23:52:26,988 - INFO - Processed show: jauntee2015-08-26.flac16
2025-02-04 23:52:31,545 - ERROR - Error processing show jauntee2015-12-17.flac16: list index out of range
2025-02-04 23:52:35,024 - ERROR - Error processing show jauntee2016-03-31.flac16: list index out of range
2025-02-04 23:52:35,841 - INFO - Processed show: jauntee2017-12-16.flac16
2025-02-04 23:52:40,220 - INFO - Processed show: jauntee2018-01-19.flac16
2025-02-04 23:52:41,549 - INFO - Processed show: jauntee2018-04-06.flac16
2025-02-04 23:52:43,122 - INFO - Processed show: jauntee2018-06-06.flac16
2025-02-04 23:52:44,848 - INFO - Processed show: jauntee2019-05-08.flac16
2025-02-04 23:52:46,685 - INFO - Processed show: jauntee2019-05-25.flac16
2025-02-04 23:52:51,268 - INFO - Processed show: jauntee2019-06-21.flac16
2025-02-04 23:52:52,879 - INFO - Processed show: jauntee2019-07-21.flac16
2025-02-04 23:52:54,666 - INFO - Processed show: jauntee2019-08-17.flac16
2025-02-04 23:52:56,324 - INFO - Processed show: jauntee2019-11-08.flac16
2025-02-04 23:53:00,842 - INFO - Processed show: jauntee2019-11-14.flac16
2025-02-04 23:53:02,200 - INFO - Processed show: jauntee2020-04-03.flac16
2025-02-04 23:53:03,736 - ERROR - Error processing show jauntee2011-05-21.flac16: list index out of range
2025-02-04 23:53:04,478 - INFO - Processed show: jauntee2013-01-19.flac16
2025-02-04 23:53:08,976 - INFO - Processed show: jauntee2014-03-13.flac16
2025-02-04 23:53:13,502 - INFO - Processed show: jauntee2014-06-05.flac16
2025-02-04 23:53:15,119 - INFO - Processed show: jauntee2015-07-19.flac16
2025-02-04 23:53:16,883 - INFO - Processed show: jauntee2017-03-15.flac16
2025-02-04 23:53:18,731 - INFO - Processed show: jauntee2017-11-16.at4031.sbd.matrix.flac16
2025-02-04 23:53:20,040 - INFO - Processed show: jauntee2018-11-10.flac16
2025-02-04 23:53:24,532 - INFO - Processed show: jauntee2019-03-01.flac16
2025-02-04 23:53:29,025 - INFO - Processed show: jauntee2019-04-20.mtx.flac2448
2025-02-04 23:53:30,628 - INFO - Processed show: jauntee2019-04-27.flac16
2025-02-04 23:53:31,947 - INFO - Processed show: jauntee2021-03-26.flac16
2025-02-04 23:53:34,270 - INFO - Processed show: jauntee2021-07-10.flac16
2025-02-04 23:53:35,602 - INFO - Processed show: janutee2011-10-22.dpa4011.flac16
2025-02-04 23:53:39,760 - INFO - Processed show: thejauntee2016-02-20
2025-02-04 23:53:44,223 - INFO - Processed show: jauntee2019-03-08.akg460ck61_AT853omni
2025-02-04 23:53:45,991 - INFO - Processed show: jauntee2017-11-11.flac16
2025-02-04 23:53:47,731 - INFO - Processed show: jauntee2015-07-24.flac16
2025-02-04 23:53:49,367 - ERROR - Error processing show jauntee2015-12-11.flac16_80: list index out of range
2025-02-04 23:53:52,793 - INFO - Processed show: jauntee2019-11-09.flac16
2025-02-04 23:53:57,246 - INFO - Processed show: jauntee2012-06-21.flac24
2025-02-04 23:54:01,758 - INFO - Processed show: jauntee2012-10-13.akg481-sbd.flac16
2025-02-04 23:54:03,414 - INFO - Processed show: jauntee2014-03-25.flac16
2025-02-04 23:54:05,155 - INFO - Processed show: jauntee2016-03-24.flac16
2025-02-04 23:54:09,642 - INFO - Processed show: jauntee2016-05-23.flac16
2025-02-04 23:54:14,100 - INFO - Processed show: jauntee2016-02-17.flac16
2025-02-04 23:54:18,554 - INFO - Processed show: jauntee2014-06-06.flac16
2025-02-04 23:54:20,360 - INFO - Processed show: jauntee2014-06-19.flac
2025-02-04 23:54:21,663 - INFO - Processed show: jauntee2018-09-27.flac16
2025-02-04 23:54:22,956 - INFO - Processed show: jauntee2013-08-17.flac16
2025-02-04 23:54:25,034 - INFO - Processed show: jauntee2013-12-06.flac16
2025-02-04 23:54:29,513 - INFO - Processed show: jauntee2013-12-07.flac16
2025-02-04 23:54:31,253 - INFO - Processed show: jauntee2014-03-22.flac16
2025-02-04 23:54:35,039 - INFO - Processed show: jauntee2015-12-08.flac16
2025-02-04 23:54:36,680 - INFO - Processed show: jauntee2017-04-07.schoeps_mk41v_flac24
2025-02-04 23:54:38,420 - INFO - Processed show: jauntee2017-06-16.flac16
2025-02-04 23:54:40,040 - INFO - Processed show: jauntee2017-07-29.flac16
2025-02-04 23:54:44,515 - INFO - Processed show: jauntee2019-11-16.flac16
2025-02-04 23:54:46,928 - INFO - Processed show: jauntee2020-04-11.flac16
2025-02-04 23:54:48,215 - INFO - Processed show: jauntee2020-05-10.flac16
2025-02-04 23:54:52,543 - INFO - Processed show: jauntee2011-04-09.flac16
2025-02-04 23:54:53,825 - ERROR - Error processing show jauntee2011-07-16.flac: list index out of range
2025-02-04 23:54:57,284 - INFO - Processed show: jauntee2012-03-14.dpa4011.flac16
2025-02-04 23:54:58,860 - INFO - Processed show: jauntee2016-05-26.spc4.flac1644
2025-02-04 23:55:03,306 - INFO - Processed show: jauntee2016-08-20.flac16
2025-02-04 23:55:07,628 - INFO - Processed show: jauntee2016-11-09.flac16
2025-02-04 23:55:09,246 - INFO - Processed show: jauntee2016-12-03.flac16
2025-02-04 23:55:13,748 - INFO - Processed show: jauntee2019-04-24.flac16
2025-02-04 23:55:15,537 - INFO - Processed show: jauntee2019-05-04.flac16
2025-02-04 23:55:16,868 - INFO - Processed show: jauntee2018-01-30.flac16
2025-02-04 23:55:18,186 - INFO - Processed show: jauntee2018-05-19.flac16
2025-02-04 23:55:19,770 - INFO - Processed show: jauntee2014-06-21.flac16
2025-02-04 23:55:24,258 - INFO - Processed show: jauntee2017-07-08.flac16
2025-02-04 23:55:26,429 - INFO - Processed show: jauntee2017-09-06.flac16
2025-02-04 23:55:28,021 - INFO - Processed show: jauntee2019-11-20.flac16
2025-02-04 23:55:31,052 - INFO - Processed show: jauntee2013-03-01.flac16
2025-02-04 23:55:34,025 - INFO - Processed show: jauntee2013-04-02.flac16
2025-02-04 23:55:38,531 - INFO - Processed show: jauntee2015-06-20.dpa4011.flac16
2025-02-04 23:55:40,102 - INFO - Processed show: jauntee2015-09-05.flac16_
2025-02-04 23:55:44,606 - INFO - Processed show: jauntee2016-12-09.flac16_
2025-02-04 23:55:46,232 - INFO - Processed show: jauntee2017-06-28.flac16
2025-02-04 23:55:50,618 - INFO - Processed show: jauntee2017-06-29.akg.c451e.ck1.flac2496
2025-02-04 23:55:52,580 - INFO - Processed show: jauntee2018-09-21.mk41.60v-pfa.mixpre3.bean.flac2444
2025-02-04 23:55:54,200 - INFO - Processed show: jauntee2013-08-23.flac
2025-02-04 23:55:55,797 - INFO - Processed show: jauntee2016-11-13.flac16
2025-02-04 23:56:00,241 - INFO - Processed show: jauntee2017-09-22.flac16
2025-02-04 23:56:02,128 - INFO - Processed show: jauntee2019-06-28.flac16
2025-02-04 23:56:04,000 - INFO - Processed show: jauntee2019-07-05.flac16
2025-02-04 23:56:05,677 - INFO - Processed show: jauntee2019-07-25.flac16
2025-02-04 23:56:07,300 - INFO - Processed show: jauntee2015-09-18.flac16
2025-02-04 23:56:09,045 - INFO - Processed show: jauntee2016-09-14.flac16
2025-02-04 23:56:10,347 - INFO - Processed show: janutee2011-11-15.dpa4011.flac24
2025-02-04 23:56:14,795 - INFO - Processed show: jauntee2012-05-27.bsc1.flac16
2025-02-04 23:56:16,439 - INFO - Processed show: jauntee2013-06-12.flac16
2025-02-04 23:56:20,920 - INFO - Processed show: jauntee2017-04-08.flac16
2025-02-04 23:56:22,342 - INFO - Processed show: jauntee2024-08-25
2025-02-04 23:56:24,100 - INFO - Processed show: jauntee2012-05-31.smk-h8ku.rj.flac24-48
2025-02-04 23:56:25,687 - ERROR - Error processing show Jauntee2017-12-15.DEAC_onstage_matrix: list index out of range
2025-02-04 23:56:25,993 - ERROR - Error processing show TheJauntee2018-06-29.AKG.P170.AUD.SBD.Matrix: list index out of range
2025-02-04 23:56:26,334 - ERROR - Error processing show JA2018-09-14: list index out of range
2025-02-04 23:56:27,285 - INFO - Processed show: jauntee2013-02-02.flac16
2025-02-04 23:56:28,932 - INFO - Processed show: jauntee2017-12-07.akg_ck3.akg_c451e.flac1644
2025-02-04 23:56:33,380 - INFO - Processed show: jauntee2012-05-27.akg451eb-sbd.flac16
2025-02-04 23:56:35,056 - INFO - Processed show: jauntee2016-11-23.flac16
2025-02-04 23:56:39,382 - INFO - Processed show: jauntee2018-02-28.flac16
2025-02-04 23:56:40,990 - INFO - Processed show: jauntee2016-08-25.flac16
2025-02-04 23:56:44,953 - INFO - Processed show: jauntee2016-11-17.flac16
2025-02-04 23:56:46,287 - INFO - Processed show: jauntee2018-10-13.flac16
2025-02-04 23:56:47,957 - INFO - Processed show: jauntee2019-04-26.flac16
2025-02-04 23:56:51,201 - INFO - Processed show: jauntee2019-07-19.flac16
2025-02-04 23:56:52,503 - INFO - Processed show: jauntee2020-02-28.flac16
2025-02-04 23:56:54,194 - INFO - Processed show: jauntee2020-05-30.flac16
2025-02-04 23:56:58,097 - INFO - Processed show: jauntee2013-02-14.flac16
2025-02-04 23:56:59,911 - INFO - Processed show: jauntee2013-08-28.flac16
2025-02-04 23:57:01,782 - INFO - Processed show: jauntee2014-05-27.flac16
2025-02-04 23:57:06,288 - INFO - Processed show: jauntee2014-06-04.flac16
2025-02-04 23:57:07,897 - INFO - Processed show: jauntee2016-05-26.flac16
2025-02-04 23:57:09,195 - INFO - Processed show: jauntee2018-08-11.flac16
2025-02-04 23:57:10,722 - INFO - Processed show: jauntee2018-09-20.m934b.24bit
2025-02-04 23:57:12,047 - INFO - Processed show: jauntee2018-10-19.flac16
2025-02-04 23:57:14,334 - INFO - Processed show: jauntee2017-11-17.flac16
2025-02-04 23:57:15,676 - INFO - Processed show: jauntee2018-02-17.flac16
2025-02-04 23:57:17,276 - INFO - Processed show: jauntee2015-09-07.flac16
2025-02-04 23:57:21,856 - INFO - Processed show: jauntee2015-09-10.flac16
2025-02-04 23:57:23,469 - INFO - Processed show: jauntee2016-02-27.flac16
2025-02-04 23:57:25,540 - INFO - Processed show: jauntee2017-03-02.flac16
2025-02-04 23:57:30,028 - INFO - Processed show: jauntee2017-06-08.flac16
2025-02-04 23:57:31,670 - INFO - Processed show: jauntee2017-06-30.akg.c451e.ck1.flac2496
2025-02-04 23:57:33,279 - INFO - Processed show: jauntee2017-07-01.akg.c451e.ck1.flac2496
2025-02-04 23:57:34,918 - INFO - Processed show: jauntee2019-05-25.flac16_
2025-02-04 23:57:36,526 - INFO - Processed show: jauntee2019-11-21.flac16
2025-02-04 23:57:37,849 - INFO - Processed show: jauntee2021-08-28.flac16
2025-02-04 23:57:42,330 - INFO - Processed show: jauntee2012-11-28.dpa4011.flac16
2025-02-04 23:57:46,011 - INFO - Processed show: jauntee2012-05-22.bsc1.flac16
2025-02-04 23:57:47,640 - INFO - Processed show: jauntee2017-06-29.akg.c451e.ck3.flac1644
2025-02-04 23:57:48,957 - INFO - Processed show: jauntee2018-02-03.flac16
2025-02-04 23:57:50,281 - INFO - Processed show: jauntee2018-03-10.flac16
2025-02-04 23:57:54,716 - INFO - Processed show: jauntee2018-06-16.flac16
2025-02-04 23:57:59,134 - INFO - Processed show: jauntee2019-06-26.flac16
2025-02-04 23:58:03,674 - INFO - Processed show: jauntee2019-12-14.flac16
2025-02-04 23:58:08,093 - INFO - Processed show: jauntee2013-08-14.flac16
2025-02-04 23:58:12,558 - INFO - Processed show: jauntee2011-11-15.dpa4011.flac16
2025-02-04 23:58:14,590 - INFO - Processed show: jauntee2012-01-06.flac
2025-02-04 23:58:16,418 - INFO - Processed show: jauntee2012-05-03.flac
2025-02-04 23:58:19,628 - INFO - Processed show: jauntee2015-09-05.flac16
2025-02-04 23:58:21,247 - INFO - Processed show: jauntee2015-12-19.flac16
2025-02-04 23:58:22,858 - INFO - Processed show: jauntee2016-03-12.flac16
2025-02-04 23:58:27,278 - INFO - Processed show: jauntee2017-12-14.flac16
2025-02-04 23:58:28,912 - INFO - Processed show: jauntee2018-06-02.flac16
2025-02-04 23:58:30,621 - INFO - Processed show: jauntee2019-05-12.flac16
2025-02-04 23:58:32,330 - INFO - Processed show: jauntee2019-06-14.flac16
2025-02-04 23:58:33,886 - INFO - Processed show: jauntee2019-08-03.flac16
2025-02-04 23:58:38,348 - INFO - Processed show: jauntee2014-01-09.flac16
2025-02-04 23:58:42,849 - INFO - Processed show: jauntee2016-09-09.flac16
2025-02-04 23:58:47,286 - INFO - Processed show: jauntee2016-11-11.flac16
2025-02-04 23:58:56,769 - INFO - Processed show: jauntee2018-06-20.flac16
2025-02-04 23:59:01,184 - INFO - Processed show: jauntee2018-09-15.litz.akg414.flac16
2025-02-04 23:59:02,492 - INFO - Processed show: jauntee2018-09-21.flac16
2025-02-04 23:59:03,831 - INFO - Processed show: jauntee2018-10-04.flac16
2025-02-04 23:59:05,131 - INFO - Processed show: jauntee2018-10-05.flac16
2025-02-04 23:59:06,917 - INFO - Processed show: jauntee2019-04-18.flac16
2025-02-04 23:59:08,544 - INFO - Processed show: jauntee2019-04-20.flac16
2025-02-04 23:59:12,966 - INFO - Processed show: jauntee2019-04-21.flac16
2025-02-04 23:59:18,521 - INFO - Processed show: jauntee2017-06-09.flac16
2025-02-04 23:59:20,391 - INFO - Processed show: jauntee2017-06-30.akg.c451e.ck1.flac1644
2025-02-04 23:59:21,993 - INFO - Processed show: jauntee2017-09-01.flac16
2025-02-04 23:59:23,644 - INFO - Processed show: jauntee2017-10-06.flac16
2025-02-04 23:59:25,354 - INFO - Processed show: jauntee2020-06-14.flac16
2025-02-04 23:59:27,113 - INFO - Processed show: jauntee2021-08-19.flac16
2025-02-04 23:59:31,490 - INFO - Processed show: jauntee2023-04-28.mix.flac24
2025-02-04 23:59:35,910 - INFO - Processed show: jauntee2013-11-30.flac16
2025-02-04 23:59:38,552 - INFO - Processed show: jauntee2014-03-18.flac16
2025-02-04 23:59:43,064 - INFO - Processed show: jauntee2014-08-14.matrix.flac24
2025-02-04 23:59:44,805 - INFO - Processed show: jauntee2015-01-30
2025-02-04 23:59:46,621 - INFO - Processed show: jauntee2015-12-16.flac16
2025-02-04 23:59:48,597 - INFO - Processed show: jauntee2017-06-10.flac16
2025-02-04 23:59:50,193 - INFO - Processed show: jauntee2017-09-16.flac16
2025-02-04 23:59:51,558 - INFO - Processed show: jauntee2018-05-25.flac16
2025-02-04 23:59:53,080 - INFO - Processed show: jauntee2018-06-09.flac16
2025-02-04 23:59:55,000 - INFO - Processed show: jauntee2012-03-10.flac
2025-02-04 23:59:56,652 - INFO - Processed show: jauntee2012-12-01.dpa4011.flac24
2025-02-04 23:59:58,387 - INFO - Processed show: jauntee2013-01-27.flac16
2025-02-05 00:00:00,043 - INFO - Processed show: jauntee2013-02-22.schoeps_mk41mk22mix_16bit
2025-02-05 00:00:04,539 - INFO - Processed show: jauntee2013-06-01.flac16
2025-02-05 00:00:06,513 - INFO - Processed show: jauntee2013-06-08.flac16
2025-02-05 00:00:08,364 - INFO - Processed show: jauntee2013-08-10.flac16
2025-02-05 00:00:09,996 - INFO - Processed show: jauntee2016-05-27.flac16
2025-02-05 00:00:13,886 - INFO - Processed show: jauntee2016-05-27.spc4.flac1644
2025-02-05 00:00:18,392 - INFO - Processed show: jauntee2016-09-06.flac16
2025-02-05 00:00:22,996 - INFO - Processed show: jauntee2018-06-13.flac16
2025-02-05 00:00:24,308 - INFO - Processed show: jauntee2018-06-15.flac16
2025-02-05 00:00:25,639 - INFO - Processed show: jauntee2018-10-06.flac16
2025-02-05 00:00:27,709 - INFO - Processed show: jauntee2018-10-20.flac16
2025-02-05 00:00:29,010 - INFO - Processed show: jauntee2018-11-14.flac16
2025-02-05 00:00:33,445 - INFO - Processed show: jauntee2019-01-25.flac16
2025-02-05 00:00:37,890 - INFO - Processed show: jauntee2019-03-10.flac16
2025-02-05 00:00:40,102 - INFO - Processed show: jauntee2020-06-29.flac16
2025-02-05 00:00:41,413 - INFO - Processed show: jauntee2020-11-07.flac16
2025-02-05 00:00:42,900 - INFO - Processed show: jauntee2024-12-12.fixed
2025-02-05 00:00:46,756 - INFO - Processed show: jauntee2013-09-12.flac16
2025-02-05 00:00:48,313 - INFO - Processed show: jauntee2014-05-16.flac16
2025-02-05 00:00:49,921 - INFO - Processed show: jauntee2019-10-05.flac16_
2025-02-05 00:00:51,595 - INFO - Processed show: jauntee2013-08-13.flac16
2025-02-05 00:00:53,276 - INFO - Processed show: jauntee2015-11-27.flac16
2025-02-05 00:00:55,098 - INFO - Processed show: jauntee2016-11-18.flac16
2025-02-05 00:00:57,105 - INFO - Processed show: jauntee2017-07-01.akg.c451e.ck1.flac1644
2025-02-05 00:00:58,717 - INFO - Processed show: jauntee2017-07-15.flac16
2025-02-05 00:01:00,724 - INFO - Processed show: jauntee2012-06-21.flac16
2025-02-05 00:01:02,832 - INFO - Processed show: jauntee2013-09-15.flac16
2025-02-05 00:01:04,144 - INFO - Processed show: jauntee2018-09-21.mk41.60v-pfa.mixpre3.bean.flac1644
2025-02-05 00:01:07,030 - INFO - Processed show: jauntee2019-05-03.flac16
2025-02-05 00:01:08,374 - INFO - Processed show: jauntee2011-12-03.mtx.flac16
2025-02-05 00:01:10,103 - INFO - Processed show: jauntee2012-10-06.dpa4011.flac24
2025-02-05 00:01:11,692 - INFO - Processed show: jauntee2013-02-22.schoeps_mk41mk22sbmix_24bit
2025-02-05 00:01:13,791 - INFO - Processed show: jauntee2014-06-22.flac16
2025-02-05 00:01:16,762 - INFO - Processed show: jauntee2014-08-14.matrix.flac16
2025-02-05 00:01:18,442 - INFO - Processed show: jauntee2019-07-30.flac16
2025-02-05 00:01:20,023 - INFO - Processed show: jauntee2016-05-26.spc4.flac2496
2025-02-05 00:01:21,570 - INFO - Processed show: jauntee2016-05-20.flac24
2025-02-05 00:01:26,024 - INFO - Processed show: jauntee2018-09-13.flac16
2025-02-05 00:01:27,631 - INFO - Processed show: jauntee2017-03-17.flac16
2025-02-05 00:01:28,933 - INFO - Processed show: jauntee2018-07-06.flac16
2025-02-05 00:01:30,896 - INFO - Processed show: jauntee2013-05-01.flac16
2025-02-05 00:01:33,017 - INFO - Processed show: jauntee2019-11-20.CorFit_Matrix
2025-02-05 00:01:34,723 - INFO - Processed show: jauntee2015-08-04.flac16
2025-02-05 00:01:36,700 - INFO - Processed show: jauntee2019-04-24.mtx.flac1648
2025-02-05 00:01:38,237 - INFO - Processed show: jauntee2017-03-06.flac16
2025-02-05 00:01:42,772 - INFO - Processed show: jauntee2019-07-27.flac16
2025-02-05 00:01:44,515 - INFO - Processed show: jauntee2017-09-20.flac16
2025-02-05 00:01:46,565 - INFO - Processed show: jauntee2013-03-21.flac16
2025-02-05 00:01:48,509 - INFO - Processed show: jauntee2013-02-06.flac16
2025-02-05 00:01:53,010 - INFO - Processed show: jauntee2013-03-15.flac16
2025-02-05 00:01:56,650 - INFO - Processed show: jauntee2013-05-25.flac16
2025-02-05 00:01:59,154 - INFO - Processed show: jauntee2013-08-28.flac
2025-02-05 00:02:03,606 - INFO - Processed show: jauntee2013-10-12.flac16
2025-02-05 00:02:05,303 - INFO - Processed show: jauntee2013-10-25.flac16
2025-02-05 00:02:06,944 - INFO - Processed show: jauntee2014-05-17.flac16
2025-02-05 00:02:11,453 - INFO - Processed show: jauntee2016-08-28.flac16
2025-02-05 00:02:15,962 - INFO - Processed show: jauntee2016-11-05.flac16
2025-02-05 00:02:20,414 - INFO - Processed show: jauntee2017-06-24.flac16
2025-02-05 00:02:22,135 - INFO - Processed show: jauntee2017-07-07.flac16
2025-02-05 00:02:26,670 - INFO - Processed show: jauntee2017-09-07.flac16
2025-02-05 00:02:27,985 - INFO - Processed show: jauntee2018-09-14
2025-02-05 00:02:29,574 - INFO - Processed show: jauntee2011-05-06.flac16
2025-02-05 00:02:30,864 - INFO - Processed show: jauntee2011-08-27.flac16
2025-02-05 00:02:32,638 - INFO - Processed show: jauntee2012-02-11.flac
2025-02-05 00:02:34,381 - INFO - Processed show: jauntee2015-09-03.flac16
2025-02-05 00:02:36,420 - INFO - Processed show: jauntee2016-03-11.flac16
2025-02-05 00:02:39,204 - INFO - Processed show: jauntee2016-03-16.flac16
2025-02-05 00:02:40,527 - INFO - Processed show: jauntee2018-04-14.flac16
2025-02-05 00:02:42,145 - INFO - Processed show: jauntee2018-05-24.flac16
2025-02-05 00:02:43,874 - INFO - Processed show: jauntee2019-11-12.flac16
2025-02-05 00:02:45,501 - INFO - Processed show: jauntee2020-07-09.flac24
2025-02-05 00:02:49,028 - INFO - Processed show: jauntee2021-02-27.flac16
2025-02-05 00:02:53,571 - INFO - Processed show: jauntgrass2019-01-19.flac16
2025-02-05 00:02:55,228 - INFO - Processed show: jauntee2012-03-17.dpa4011.flac16
2025-02-05 00:02:56,524 - INFO - Processed show: jauntee2020-01-18.flac16
2025-02-05 00:02:57,932 - ERROR - Error processing show jauntee2011-07-23: list index out of range
2025-02-05 00:02:58,479 - INFO - Processed show: jauntee2018-11-15.flac16
2025-02-05 00:03:02,808 - INFO - Processed show: jauntee2020-04-24.flac16
2025-02-05 00:03:05,745 - INFO - Processed show: jauntee2017-11-16.at4031.sbd.matrix.flac24
2025-02-05 00:03:08,339 - ERROR - Error processing show thejauntee2017-11-02.AKG.P170.AUD.SBD.Matrix: list index out of range
2025-02-05 00:03:08,790 - INFO - Processed show: jauntee2020-05-15.flac16
2025-02-05 00:03:10,411 - INFO - Processed show: jauntee2021-08-20.flac16
2025-02-05 00:03:11,701 - ERROR - Error processing show JAUNTEE2018-05-20.DFW_StudioProjectsB3_SBD: list index out of range
2025-02-05 00:03:15,154 - ERROR - Error processing show JAUNTEE2018-10-10.ArtCo_SPB3_SBD: list index out of range
2025-02-05 00:03:16,116 - INFO - Processed show: jauntee2013-02-04.flac16
2025-02-05 00:03:19,899 - INFO - Processed show: jauntee2013-01-28.flac16
2025-02-05 00:03:21,186 - INFO - Processed show: jauntee2018-06-26.at4031.ca14.sbd.flac16
2025-02-05 00:03:25,607 - INFO - Processed show: jauntee2014-05-31.flac16
2025-02-05 00:03:27,336 - INFO - Processed show: jauntee2014-11-07.flac16
2025-02-05 00:03:28,895 - INFO - Processed show: jauntee2016-03-02.flac16
2025-02-05 00:03:30,503 - ERROR - Error processing show TheJauntee2015-03-28.TheJauntee2015-03-28: list index out of range
2025-02-05 00:03:31,171 - INFO - Processed show: jauntee2012-03-16.sbd.flac16
2025-02-05 00:03:32,726 - INFO - Processed show: jauntee2012-12-01.flac16
2025-02-05 00:03:37,152 - INFO - Processed show: jauntee2015-07-16.flac16
2025-02-05 00:03:38,810 - INFO - Processed show: jauntee2014-03-20.flac16
2025-02-05 00:03:40,438 - INFO - Processed show: jauntee2016-09-01.flac16_
2025-02-05 00:03:43,589 - INFO - Processed show: jauntee2016-11-10.flac16
2025-02-05 00:03:48,037 - INFO - Processed show: jauntee2017-02-18.flac16
2025-02-05 00:03:49,753 - INFO - Processed show: jauntee2017-07-05.flac16
2025-02-05 00:03:51,068 - INFO - Processed show: jauntee2018-09-26.flac16
2025-02-05 00:03:52,679 - INFO - Processed show: jauntee2019-04-29.flac16
2025-02-05 00:03:53,986 - INFO - Processed show: jauntee2011-11-15.bsc1.flac24
2025-02-05 00:03:56,253 - INFO - Processed show: jauntee2013-02-01.flac16
2025-02-05 00:03:57,814 - INFO - Processed show: jauntee2013-03-30.flac16
2025-02-05 00:03:59,676 - INFO - Processed show: jauntee2013-08-20.flac
2025-02-05 00:04:04,192 - INFO - Processed show: jauntee2014-06-13.dpa4011-sbd.flac16
2025-02-05 00:04:08,665 - INFO - Processed show: jauntee2017-07-19.flac16
2025-02-05 00:04:10,339 - INFO - Processed show: jauntee2017-11-26.flac16
2025-02-05 00:04:14,744 - INFO - Processed show: jauntee2018-08-03.flac16
2025-02-05 00:04:16,392 - INFO - Processed show: jauntee2013-05-04.flac16
2025-02-05 00:04:18,051 - INFO - Processed show: jauntee2013-05-29.flac16
2025-02-05 00:04:21,095 - INFO - Processed show: jauntee2013-06-06.flac16
2025-02-05 00:04:22,386 - INFO - Processed show: jauntee2016-05-28.flac16
2025-02-05 00:04:26,856 - INFO - Processed show: jauntee2017-02-26.flac16
2025-02-05 00:04:28,464 - INFO - Processed show: jauntee2012-02-23.flac
2025-02-05 00:04:30,101 - INFO - Processed show: jauntee2012-12-07.flac
2025-02-05 00:04:33,948 - INFO - Processed show: jauntee2014-06-29.flac16
2025-02-05 00:04:35,842 - INFO - Processed show: jauntee2015-06-20.dpa4011.flac24
2025-02-05 00:04:37,403 - INFO - Processed show: jauntee2015-10-20.flac16
2025-02-05 00:04:41,871 - INFO - Processed show: jauntee2016-02-19.flac16
2025-02-05 00:04:46,341 - INFO - Processed show: jauntee2017-09-15.flac16
2025-02-05 00:04:50,812 - INFO - Processed show: jauntee2017-12-13.flac16
2025-02-05 00:04:55,240 - INFO - Processed show: jauntee2018-01-18.flac16
2025-02-05 00:04:56,842 - INFO - Processed show: jauntee2018-03-05.flac16
2025-02-05 00:04:58,134 - INFO - Processed show: jauntee2018-09-16.flac16
2025-02-05 00:04:59,870 - INFO - Processed show: jauntee2019-11-23.flac16
2025-02-05 00:05:04,205 - INFO - Processed show: jauntee2018-09-20.m034b.16bit
2025-02-05 00:05:07,312 - INFO - Processed show: jauntee2018-09-30.flac16
2025-02-05 00:05:08,669 - INFO - Processed show: jauntee2021-08-18.flac16
